<?xml version="1.0" encoding="UTF-8"?>
<testsuite xmlns:xsi="http://www.w3.org/2001/XMLSchema-instance" xsi:noNamespaceSchemaLocation="https://maven.apache.org/surefire/maven-surefire-plugin/xsd/surefire-test-report-3.0.xsd" version="3.0" name="cloud.contoterzi.aws.claude.SpiLoadingTest" time="0.003" tests="2" errors="0" skipped="0" failures="0">
  <properties>
    <property name="java.specification.version" value="21"/>
    <property name="sun.jnu.encoding" value="UTF-8"/>
    <property name="java.class.path" value="/Users/paoloproni/Documents/UniBZ/Tesi/JavaLambda/helpdesk-llm-aws-claude/target/test-classes:/Users/paoloproni/Documents/UniBZ/Tesi/JavaLambda/helpdesk-llm-aws-claude/target/classes:/Users/paoloproni/Documents/UniBZ/Tesi/JavaLambda/helpdesk-core/target/helpdesk-core-1.0.0.jar:/Users/paoloproni/.m2/repository/org/yaml/snakeyaml/2.2/snakeyaml-2.2.jar:/Users/paoloproni/Documents/UniBZ/Tesi/JavaLambda/helpdesk-aws-common/target/helpdesk-aws-common-1.0.0.jar:/Users/paoloproni/.m2/repository/com/amazonaws/aws-lambda-java-core/1.2.3/aws-lambda-java-core-1.2.3.jar:/Users/paoloproni/.m2/repository/software/amazon/awssdk/bedrockruntime/2.25.30/bedrockruntime-2.25.30.jar:/Users/paoloproni/.m2/repository/software/amazon/awssdk/protocol-core/2.25.30/protocol-core-2.25.30.jar:/Users/paoloproni/.m2/repository/software/amazon/awssdk/aws-json-protocol/2.25.30/aws-json-protocol-2.25.30.jar:/Users/paoloproni/.m2/repository/software/amazon/awssdk/third-party-jackson-core/2.25.30/third-party-jackson-core-2.25.30.jar:/Users/paoloproni/.m2/repository/software/amazon/awssdk/http-auth-aws/2.25.30/http-auth-aws-2.25.30.jar:/Users/paoloproni/.m2/repository/software/amazon/awssdk/checksums-spi/2.25.30/checksums-spi-2.25.30.jar:/Users/paoloproni/.m2/repository/software/amazon/awssdk/checksums/2.25.30/checksums-2.25.30.jar:/Users/paoloproni/.m2/repository/software/amazon/awssdk/sdk-core/2.25.30/sdk-core-2.25.30.jar:/Users/paoloproni/.m2/repository/software/amazon/awssdk/profiles/2.25.30/profiles-2.25.30.jar:/Users/paoloproni/.m2/repository/org/slf4j/slf4j-api/1.7.30/slf4j-api-1.7.30.jar:/Users/paoloproni/.m2/repository/org/reactivestreams/reactive-streams/1.0.4/reactive-streams-1.0.4.jar:/Users/paoloproni/.m2/repository/software/amazon/awssdk/auth/2.25.30/auth-2.25.30.jar:/Users/paoloproni/.m2/repository/software/amazon/eventstream/eventstream/1.0.1/eventstream-1.0.1.jar:/Users/paoloproni/.m2/repository/software/amazon/awssdk/http-auth-spi/2.25.30/http-auth-spi-2.25.30.jar:/Users/paoloproni/.m2/repository/software/amazon/awssdk/http-auth/2.25.30/http-auth-2.25.30.jar:/Users/paoloproni/.m2/repository/software/amazon/awssdk/identity-spi/2.25.30/identity-spi-2.25.30.jar:/Users/paoloproni/.m2/repository/software/amazon/awssdk/http-client-spi/2.25.30/http-client-spi-2.25.30.jar:/Users/paoloproni/.m2/repository/software/amazon/awssdk/regions/2.25.30/regions-2.25.30.jar:/Users/paoloproni/.m2/repository/software/amazon/awssdk/annotations/2.25.30/annotations-2.25.30.jar:/Users/paoloproni/.m2/repository/software/amazon/awssdk/utils/2.25.30/utils-2.25.30.jar:/Users/paoloproni/.m2/repository/software/amazon/awssdk/aws-core/2.25.30/aws-core-2.25.30.jar:/Users/paoloproni/.m2/repository/software/amazon/awssdk/metrics-spi/2.25.30/metrics-spi-2.25.30.jar:/Users/paoloproni/.m2/repository/software/amazon/awssdk/json-utils/2.25.30/json-utils-2.25.30.jar:/Users/paoloproni/.m2/repository/software/amazon/awssdk/endpoints-spi/2.25.30/endpoints-spi-2.25.30.jar:/Users/paoloproni/.m2/repository/software/amazon/awssdk/apache-client/2.25.30/apache-client-2.25.30.jar:/Users/paoloproni/.m2/repository/org/apache/httpcomponents/httpclient/4.5.13/httpclient-4.5.13.jar:/Users/paoloproni/.m2/repository/commons-logging/commons-logging/1.2/commons-logging-1.2.jar:/Users/paoloproni/.m2/repository/org/apache/httpcomponents/httpcore/4.4.13/httpcore-4.4.13.jar:/Users/paoloproni/.m2/repository/commons-codec/commons-codec/1.15/commons-codec-1.15.jar:/Users/paoloproni/.m2/repository/software/amazon/awssdk/netty-nio-client/2.25.30/netty-nio-client-2.25.30.jar:/Users/paoloproni/.m2/repository/io/netty/netty-codec-http/4.1.119.Final/netty-codec-http-4.1.119.Final.jar:/Users/paoloproni/.m2/repository/io/netty/netty-codec-http2/4.1.119.Final/netty-codec-http2-4.1.119.Final.jar:/Users/paoloproni/.m2/repository/io/netty/netty-codec/4.1.119.Final/netty-codec-4.1.119.Final.jar:/Users/paoloproni/.m2/repository/io/netty/netty-transport/4.1.119.Final/netty-transport-4.1.119.Final.jar:/Users/paoloproni/.m2/repository/io/netty/netty-common/4.1.119.Final/netty-common-4.1.119.Final.jar:/Users/paoloproni/.m2/repository/io/netty/netty-buffer/4.1.119.Final/netty-buffer-4.1.119.Final.jar:/Users/paoloproni/.m2/repository/io/netty/netty-handler/4.1.119.Final/netty-handler-4.1.119.Final.jar:/Users/paoloproni/.m2/repository/io/netty/netty-transport-native-unix-common/4.1.119.Final/netty-transport-native-unix-common-4.1.119.Final.jar:/Users/paoloproni/.m2/repository/io/netty/netty-transport-classes-epoll/4.1.119.Final/netty-transport-classes-epoll-4.1.119.Final.jar:/Users/paoloproni/.m2/repository/io/netty/netty-resolver/4.1.119.Final/netty-resolver-4.1.119.Final.jar:/Users/paoloproni/.m2/repository/com/fasterxml/jackson/core/jackson-databind/2.17.1/jackson-databind-2.17.1.jar:/Users/paoloproni/.m2/repository/com/fasterxml/jackson/core/jackson-annotations/2.17.1/jackson-annotations-2.17.1.jar:/Users/paoloproni/.m2/repository/com/fasterxml/jackson/core/jackson-core/2.17.1/jackson-core-2.17.1.jar:/Users/paoloproni/Documents/UniBZ/Tesi/JavaLambda/helpdesk-storage-s3/target/helpdesk-storage-s3-1.0.0.jar:/Users/paoloproni/.m2/repository/software/amazon/awssdk/s3/2.25.30/s3-2.25.30.jar:/Users/paoloproni/.m2/repository/software/amazon/awssdk/aws-xml-protocol/2.25.30/aws-xml-protocol-2.25.30.jar:/Users/paoloproni/.m2/repository/software/amazon/awssdk/aws-query-protocol/2.25.30/aws-query-protocol-2.25.30.jar:/Users/paoloproni/.m2/repository/software/amazon/awssdk/arns/2.25.30/arns-2.25.30.jar:/Users/paoloproni/.m2/repository/software/amazon/awssdk/crt-core/2.25.30/crt-core-2.25.30.jar:/Users/paoloproni/Documents/UniBZ/Tesi/JavaLambda/helpdesk-similarity/target/helpdesk-similarity-1.0.0.jar:/Users/paoloproni/.m2/repository/org/junit/jupiter/junit-jupiter/5.10.2/junit-jupiter-5.10.2.jar:/Users/paoloproni/.m2/repository/org/junit/jupiter/junit-jupiter-api/5.10.2/junit-jupiter-api-5.10.2.jar:/Users/paoloproni/.m2/repository/org/opentest4j/opentest4j/1.3.0/opentest4j-1.3.0.jar:/Users/paoloproni/.m2/repository/org/junit/platform/junit-platform-commons/1.10.2/junit-platform-commons-1.10.2.jar:/Users/paoloproni/.m2/repository/org/apiguardian/apiguardian-api/1.1.2/apiguardian-api-1.1.2.jar:/Users/paoloproni/.m2/repository/org/junit/jupiter/junit-jupiter-params/5.10.2/junit-jupiter-params-5.10.2.jar:/Users/paoloproni/.m2/repository/org/junit/jupiter/junit-jupiter-engine/5.10.2/junit-jupiter-engine-5.10.2.jar:/Users/paoloproni/.m2/repository/org/junit/platform/junit-platform-engine/1.10.2/junit-platform-engine-1.10.2.jar:/Users/paoloproni/.m2/repository/org/mockito/mockito-core/5.8.0/mockito-core-5.8.0.jar:/Users/paoloproni/.m2/repository/net/bytebuddy/byte-buddy/1.14.10/byte-buddy-1.14.10.jar:/Users/paoloproni/.m2/repository/net/bytebuddy/byte-buddy-agent/1.14.10/byte-buddy-agent-1.14.10.jar:/Users/paoloproni/.m2/repository/org/objenesis/objenesis/3.3/objenesis-3.3.jar:"/>
    <property name="java.vm.vendor" value="Oracle Corporation"/>
    <property name="sun.arch.data.model" value="64"/>
    <property name="java.vendor.url" value="https://java.oracle.com/"/>
    <property name="user.timezone" value="Europe/Rome"/>
    <property name="os.name" value="Mac OS X"/>
    <property name="java.vm.specification.version" value="21"/>
    <property name="sun.java.launcher" value="SUN_STANDARD"/>
    <property name="user.country" value="IT"/>
    <property name="sun.boot.library.path" value="/Library/Java/JavaVirtualMachines/jdk-21.jdk/Contents/Home/lib"/>
    <property name="sun.java.command" value="/Users/paoloproni/Documents/UniBZ/Tesi/JavaLambda/helpdesk-llm-aws-claude/target/surefire/surefirebooter-20250822225649144_30.jar /Users/paoloproni/Documents/UniBZ/Tesi/JavaLambda/helpdesk-llm-aws-claude/target/surefire 2025-08-22T22-56-45_305-jvmRun1 surefire-20250822225649144_28tmp surefire_4-20250822225649144_29tmp"/>
    <property name="http.nonProxyHosts" value="local|*.local|169.254/16|*.169.254/16"/>
    <property name="jdk.debug" value="release"/>
    <property name="surefire.test.class.path" value="/Users/paoloproni/Documents/UniBZ/Tesi/JavaLambda/helpdesk-llm-aws-claude/target/test-classes:/Users/paoloproni/Documents/UniBZ/Tesi/JavaLambda/helpdesk-llm-aws-claude/target/classes:/Users/paoloproni/Documents/UniBZ/Tesi/JavaLambda/helpdesk-core/target/helpdesk-core-1.0.0.jar:/Users/paoloproni/.m2/repository/org/yaml/snakeyaml/2.2/snakeyaml-2.2.jar:/Users/paoloproni/Documents/UniBZ/Tesi/JavaLambda/helpdesk-aws-common/target/helpdesk-aws-common-1.0.0.jar:/Users/paoloproni/.m2/repository/com/amazonaws/aws-lambda-java-core/1.2.3/aws-lambda-java-core-1.2.3.jar:/Users/paoloproni/.m2/repository/software/amazon/awssdk/bedrockruntime/2.25.30/bedrockruntime-2.25.30.jar:/Users/paoloproni/.m2/repository/software/amazon/awssdk/protocol-core/2.25.30/protocol-core-2.25.30.jar:/Users/paoloproni/.m2/repository/software/amazon/awssdk/aws-json-protocol/2.25.30/aws-json-protocol-2.25.30.jar:/Users/paoloproni/.m2/repository/software/amazon/awssdk/third-party-jackson-core/2.25.30/third-party-jackson-core-2.25.30.jar:/Users/paoloproni/.m2/repository/software/amazon/awssdk/http-auth-aws/2.25.30/http-auth-aws-2.25.30.jar:/Users/paoloproni/.m2/repository/software/amazon/awssdk/checksums-spi/2.25.30/checksums-spi-2.25.30.jar:/Users/paoloproni/.m2/repository/software/amazon/awssdk/checksums/2.25.30/checksums-2.25.30.jar:/Users/paoloproni/.m2/repository/software/amazon/awssdk/sdk-core/2.25.30/sdk-core-2.25.30.jar:/Users/paoloproni/.m2/repository/software/amazon/awssdk/profiles/2.25.30/profiles-2.25.30.jar:/Users/paoloproni/.m2/repository/org/slf4j/slf4j-api/1.7.30/slf4j-api-1.7.30.jar:/Users/paoloproni/.m2/repository/org/reactivestreams/reactive-streams/1.0.4/reactive-streams-1.0.4.jar:/Users/paoloproni/.m2/repository/software/amazon/awssdk/auth/2.25.30/auth-2.25.30.jar:/Users/paoloproni/.m2/repository/software/amazon/eventstream/eventstream/1.0.1/eventstream-1.0.1.jar:/Users/paoloproni/.m2/repository/software/amazon/awssdk/http-auth-spi/2.25.30/http-auth-spi-2.25.30.jar:/Users/paoloproni/.m2/repository/software/amazon/awssdk/http-auth/2.25.30/http-auth-2.25.30.jar:/Users/paoloproni/.m2/repository/software/amazon/awssdk/identity-spi/2.25.30/identity-spi-2.25.30.jar:/Users/paoloproni/.m2/repository/software/amazon/awssdk/http-client-spi/2.25.30/http-client-spi-2.25.30.jar:/Users/paoloproni/.m2/repository/software/amazon/awssdk/regions/2.25.30/regions-2.25.30.jar:/Users/paoloproni/.m2/repository/software/amazon/awssdk/annotations/2.25.30/annotations-2.25.30.jar:/Users/paoloproni/.m2/repository/software/amazon/awssdk/utils/2.25.30/utils-2.25.30.jar:/Users/paoloproni/.m2/repository/software/amazon/awssdk/aws-core/2.25.30/aws-core-2.25.30.jar:/Users/paoloproni/.m2/repository/software/amazon/awssdk/metrics-spi/2.25.30/metrics-spi-2.25.30.jar:/Users/paoloproni/.m2/repository/software/amazon/awssdk/json-utils/2.25.30/json-utils-2.25.30.jar:/Users/paoloproni/.m2/repository/software/amazon/awssdk/endpoints-spi/2.25.30/endpoints-spi-2.25.30.jar:/Users/paoloproni/.m2/repository/software/amazon/awssdk/apache-client/2.25.30/apache-client-2.25.30.jar:/Users/paoloproni/.m2/repository/org/apache/httpcomponents/httpclient/4.5.13/httpclient-4.5.13.jar:/Users/paoloproni/.m2/repository/commons-logging/commons-logging/1.2/commons-logging-1.2.jar:/Users/paoloproni/.m2/repository/org/apache/httpcomponents/httpcore/4.4.13/httpcore-4.4.13.jar:/Users/paoloproni/.m2/repository/commons-codec/commons-codec/1.15/commons-codec-1.15.jar:/Users/paoloproni/.m2/repository/software/amazon/awssdk/netty-nio-client/2.25.30/netty-nio-client-2.25.30.jar:/Users/paoloproni/.m2/repository/io/netty/netty-codec-http/4.1.119.Final/netty-codec-http-4.1.119.Final.jar:/Users/paoloproni/.m2/repository/io/netty/netty-codec-http2/4.1.119.Final/netty-codec-http2-4.1.119.Final.jar:/Users/paoloproni/.m2/repository/io/netty/netty-codec/4.1.119.Final/netty-codec-4.1.119.Final.jar:/Users/paoloproni/.m2/repository/io/netty/netty-transport/4.1.119.Final/netty-transport-4.1.119.Final.jar:/Users/paoloproni/.m2/repository/io/netty/netty-common/4.1.119.Final/netty-common-4.1.119.Final.jar:/Users/paoloproni/.m2/repository/io/netty/netty-buffer/4.1.119.Final/netty-buffer-4.1.119.Final.jar:/Users/paoloproni/.m2/repository/io/netty/netty-handler/4.1.119.Final/netty-handler-4.1.119.Final.jar:/Users/paoloproni/.m2/repository/io/netty/netty-transport-native-unix-common/4.1.119.Final/netty-transport-native-unix-common-4.1.119.Final.jar:/Users/paoloproni/.m2/repository/io/netty/netty-transport-classes-epoll/4.1.119.Final/netty-transport-classes-epoll-4.1.119.Final.jar:/Users/paoloproni/.m2/repository/io/netty/netty-resolver/4.1.119.Final/netty-resolver-4.1.119.Final.jar:/Users/paoloproni/.m2/repository/com/fasterxml/jackson/core/jackson-databind/2.17.1/jackson-databind-2.17.1.jar:/Users/paoloproni/.m2/repository/com/fasterxml/jackson/core/jackson-annotations/2.17.1/jackson-annotations-2.17.1.jar:/Users/paoloproni/.m2/repository/com/fasterxml/jackson/core/jackson-core/2.17.1/jackson-core-2.17.1.jar:/Users/paoloproni/Documents/UniBZ/Tesi/JavaLambda/helpdesk-storage-s3/target/helpdesk-storage-s3-1.0.0.jar:/Users/paoloproni/.m2/repository/software/amazon/awssdk/s3/2.25.30/s3-2.25.30.jar:/Users/paoloproni/.m2/repository/software/amazon/awssdk/aws-xml-protocol/2.25.30/aws-xml-protocol-2.25.30.jar:/Users/paoloproni/.m2/repository/software/amazon/awssdk/aws-query-protocol/2.25.30/aws-query-protocol-2.25.30.jar:/Users/paoloproni/.m2/repository/software/amazon/awssdk/arns/2.25.30/arns-2.25.30.jar:/Users/paoloproni/.m2/repository/software/amazon/awssdk/crt-core/2.25.30/crt-core-2.25.30.jar:/Users/paoloproni/Documents/UniBZ/Tesi/JavaLambda/helpdesk-similarity/target/helpdesk-similarity-1.0.0.jar:/Users/paoloproni/.m2/repository/org/junit/jupiter/junit-jupiter/5.10.2/junit-jupiter-5.10.2.jar:/Users/paoloproni/.m2/repository/org/junit/jupiter/junit-jupiter-api/5.10.2/junit-jupiter-api-5.10.2.jar:/Users/paoloproni/.m2/repository/org/opentest4j/opentest4j/1.3.0/opentest4j-1.3.0.jar:/Users/paoloproni/.m2/repository/org/junit/platform/junit-platform-commons/1.10.2/junit-platform-commons-1.10.2.jar:/Users/paoloproni/.m2/repository/org/apiguardian/apiguardian-api/1.1.2/apiguardian-api-1.1.2.jar:/Users/paoloproni/.m2/repository/org/junit/jupiter/junit-jupiter-params/5.10.2/junit-jupiter-params-5.10.2.jar:/Users/paoloproni/.m2/repository/org/junit/jupiter/junit-jupiter-engine/5.10.2/junit-jupiter-engine-5.10.2.jar:/Users/paoloproni/.m2/repository/org/junit/platform/junit-platform-engine/1.10.2/junit-platform-engine-1.10.2.jar:/Users/paoloproni/.m2/repository/org/mockito/mockito-core/5.8.0/mockito-core-5.8.0.jar:/Users/paoloproni/.m2/repository/net/bytebuddy/byte-buddy/1.14.10/byte-buddy-1.14.10.jar:/Users/paoloproni/.m2/repository/net/bytebuddy/byte-buddy-agent/1.14.10/byte-buddy-agent-1.14.10.jar:/Users/paoloproni/.m2/repository/org/objenesis/objenesis/3.3/objenesis-3.3.jar:"/>
    <property name="sun.cpu.endian" value="little"/>
    <property name="user.home" value="/Users/paoloproni"/>
    <property name="user.language" value="it"/>
    <property name="java.specification.vendor" value="Oracle Corporation"/>
    <property name="java.version.date" value="2024-04-16"/>
    <property name="java.home" value="/Library/Java/JavaVirtualMachines/jdk-21.jdk/Contents/Home"/>
    <property name="file.separator" value="/"/>
    <property name="basedir" value="/Users/paoloproni/Documents/UniBZ/Tesi/JavaLambda/helpdesk-llm-aws-claude"/>
    <property name="java.vm.compressedOopsMode" value="Zero based"/>
    <property name="line.separator" value="&#10;"/>
    <property name="java.vm.specification.vendor" value="Oracle Corporation"/>
    <property name="java.specification.name" value="Java Platform API Specification"/>
    <property name="apple.awt.application.name" value="ForkedBooter"/>
    <property name="surefire.real.class.path" value="/Users/paoloproni/Documents/UniBZ/Tesi/JavaLambda/helpdesk-llm-aws-claude/target/surefire/surefirebooter-20250822225649144_30.jar"/>
    <property name="sun.management.compiler" value="HotSpot 64-Bit Tiered Compilers"/>
    <property name="ftp.nonProxyHosts" value="local|*.local|169.254/16|*.169.254/16"/>
    <property name="java.runtime.version" value="21.0.3+7-LTS-152"/>
    <property name="user.name" value="paoloproni"/>
    <property name="stdout.encoding" value="UTF-8"/>
    <property name="path.separator" value=":"/>
    <property name="os.version" value="15.6.1"/>
    <property name="java.runtime.name" value="Java(TM) SE Runtime Environment"/>
    <property name="file.encoding" value="UTF-8"/>
    <property name="java.vm.name" value="Java HotSpot(TM) 64-Bit Server VM"/>
    <property name="localRepository" value="/Users/paoloproni/.m2/repository"/>
    <property name="java.vendor.url.bug" value="https://bugreport.java.com/bugreport/"/>
    <property name="java.io.tmpdir" value="/var/folders/58/52sy9s0j0mlfgfrv9118vd1m0000gn/T/"/>
    <property name="java.version" value="21.0.3"/>
    <property name="user.dir" value="/Users/paoloproni/Documents/UniBZ/Tesi/JavaLambda/helpdesk-llm-aws-claude"/>
    <property name="os.arch" value="aarch64"/>
    <property name="java.vm.specification.name" value="Java Virtual Machine Specification"/>
    <property name="native.encoding" value="UTF-8"/>
    <property name="java.library.path" value="/Users/paoloproni/Library/Java/Extensions:/Library/Java/Extensions:/Network/Library/Java/Extensions:/System/Library/Java/Extensions:/usr/lib/java:."/>
    <property name="java.vm.info" value="mixed mode, sharing"/>
    <property name="stderr.encoding" value="UTF-8"/>
    <property name="java.vendor" value="Oracle Corporation"/>
    <property name="java.vm.version" value="21.0.3+7-LTS-152"/>
    <property name="sun.io.unicode.encoding" value="UnicodeBig"/>
    <property name="socksNonProxyHosts" value="local|*.local|169.254/16|*.169.254/16"/>
    <property name="java.class.version" value="65.0"/>
  </properties>
  <testcase name="testSpiLoading" classname="cloud.contoterzi.aws.claude.SpiLoadingTest" time="0.001"/>
  <testcase name="testInitialization" classname="cloud.contoterzi.aws.claude.SpiLoadingTest" time="0.001"/>
</testsuite>